<?xml version="1.0" encoding="UTF-8"?>
<!-- Generated by org.testng.reporters.JUnitXMLReporter -->
<testsuite ignored="0" hostname="DESKTOP-FOKO1P1" failures="1" tests="10" name="Test" time="395.253" errors="0" timestamp="2024-04-21T16:03:16 BDT">
  <testcase classname="qa.testcases.SignupTest" name="verifyRegisteringAccountWithoutFillingAnyDetails" time="19.757"/>
  <testcase classname="qa.testcases.SignupTest" name="verifyRegisteringAccountWithALlField" time="38.392"/>
  <testcase classname="qa.testcases.SignupTest" name="verifyRegisteringAccountWithALlFieldForStudent" time="42.967"/>
  <testcase classname="qa.testcases.SignupTest" name="verifyRegisteringAccountWithALlFieldForEmploy" time="42.119"/>
  <testcase classname="qa.testcases.SignupTest" name="verifyRegisteringAccountWithoutTryDifferentPassword" time="45.337"/>
  <testcase classname="qa.testcases.SignupTest" name="verifyRegisteringAccountWithoutTryDifferentPasswordFailCase" time="43.017">
    <failure type="java.lang.AssertionError" message="Email Warrning is not displayed expected [Password must match11] but found [Password must match]">
      <![CDATA[java.lang.AssertionError: Email Warrning is not displayed expected [Password must match11] but found [Password must match]
at qa.testcases.SignupTest.verifyRegisteringAccountWithoutTryDifferentPasswordFailCase(SignupTest.java:78)
at java.base/java.util.ArrayList.forEach(ArrayList.java:1511)
... Removed 36 stack frames]]>
    </failure>
  </testcase> <!-- verifyRegisteringAccountWithoutTryDifferentPasswordFailCase -->
  <testcase classname="qa.testcases.SignUpRegPageUrlTest" name="TotalLinkTest" time="0.31"/>
  <testcase classname="qa.testcases.SignUpRegPageUrlTest" name="AllUrlTest" time="79.066"/>
  <testcase classname="qa.testcases.PageTextSizeAutomation" name="verifyWebpageTextSizeAndFontName" time="1.624"/>
  <testcase classname="qa.testcases.PageTextSizeAutomation" name="verifyPageColor" time="2.468"/>
</testsuite> <!-- Test -->
