<?xml version="1.0" encoding="UTF-8"?>
<!-- Generated by org.testng.reporters.JUnitReportReporter -->
<testsuite hostname="DESKTOP-FOKO1P1" failures="1" tests="6" name="qa.testcases.SignupTest" time="296.572" errors="0" timestamp="2024-04-21T16:03:16 BDT" skipped="0">
  <testcase classname="qa.testcases.SignupTest" name="verifyRegisteringAccountWithoutFillingAnyDetails" time="30.337"/>
  <system-out/>
  <testcase classname="qa.testcases.SignupTest" name="verifyRegisteringAccountWithALlField" time="49.323"/>
  <system-out/>
  <testcase classname="qa.testcases.SignupTest" name="verifyRegisteringAccountWithALlFieldForStudent" time="54.174"/>
  <system-out/>
  <testcase classname="qa.testcases.SignupTest" name="verifyRegisteringAccountWithALlFieldForEmploy" time="52.743"/>
  <system-out/>
  <testcase classname="qa.testcases.SignupTest" name="verifyRegisteringAccountWithoutTryDifferentPasswordFailCase" time="55.569">
    <failure message="Email Warrning is not displayed expected [Password must match11] but found [Password must match]" type="java.lang.AssertionError">
      <![CDATA[java.lang.AssertionError: Email Warrning is not displayed expected [Password must match11] but found [Password must match]
at org.testng.Assert.fail(Assert.java:110)
at org.testng.Assert.failNotEquals(Assert.java:1413)
at org.testng.Assert.assertEqualsImpl(Assert.java:149)
at org.testng.Assert.assertEquals(Assert.java:131)
at org.testng.Assert.assertEquals(Assert.java:655)
at qa.testcases.SignupTest.verifyRegisteringAccountWithoutTryDifferentPasswordFailCase(SignupTest.java:78)
at java.base/jdk.internal.reflect.NativeMethodAccessorImpl.invoke0(Native Method)
at java.base/jdk.internal.reflect.NativeMethodAccessorImpl.invoke(NativeMethodAccessorImpl.java:77)
at java.base/jdk.internal.reflect.DelegatingMethodAccessorImpl.invoke(DelegatingMethodAccessorImpl.java:43)
at java.base/java.lang.reflect.Method.invoke(Method.java:568)
at org.testng.internal.invokers.MethodInvocationHelper.invokeMethod(MethodInvocationHelper.java:139)
at org.testng.internal.invokers.TestInvoker.invokeMethod(TestInvoker.java:677)
at org.testng.internal.invokers.TestInvoker.invokeTestMethod(TestInvoker.java:221)
at org.testng.internal.invokers.MethodRunner.runInSequence(MethodRunner.java:50)
at org.testng.internal.invokers.TestInvoker$MethodInvocationAgent.invoke(TestInvoker.java:962)
at org.testng.internal.invokers.TestInvoker.invokeTestMethods(TestInvoker.java:194)
at org.testng.internal.invokers.TestMethodWorker.invokeTestMethods(TestMethodWorker.java:148)
at org.testng.internal.invokers.TestMethodWorker.run(TestMethodWorker.java:128)
at java.base/java.util.ArrayList.forEach(ArrayList.java:1511)
at org.testng.TestRunner.privateRun(TestRunner.java:806)
at org.testng.TestRunner.run(TestRunner.java:601)
at org.testng.SuiteRunner.runTest(SuiteRunner.java:433)
at org.testng.SuiteRunner.runSequentially(SuiteRunner.java:427)
at org.testng.SuiteRunner.privateRun(SuiteRunner.java:387)
at org.testng.SuiteRunner.run(SuiteRunner.java:330)
at org.testng.SuiteRunnerWorker.runSuite(SuiteRunnerWorker.java:52)
at org.testng.SuiteRunnerWorker.run(SuiteRunnerWorker.java:95)
at org.testng.TestNG.runSuitesSequentially(TestNG.java:1256)
at org.testng.TestNG.runSuitesLocally(TestNG.java:1176)
at org.testng.TestNG.runSuites(TestNG.java:1099)
at org.testng.TestNG.run(TestNG.java:1067)
at org.apache.maven.surefire.testng.TestNGExecutor.run(TestNGExecutor.java:308)
at org.apache.maven.surefire.testng.TestNGXmlTestSuite.execute(TestNGXmlTestSuite.java:71)
at org.apache.maven.surefire.testng.TestNGProvider.invoke(TestNGProvider.java:113)
at org.apache.maven.surefire.booter.ForkedBooter.runSuitesInProcess(ForkedBooter.java:385)
at org.apache.maven.surefire.booter.ForkedBooter.execute(ForkedBooter.java:162)
at org.apache.maven.surefire.booter.ForkedBooter.run(ForkedBooter.java:507)
at org.apache.maven.surefire.booter.ForkedBooter.main(ForkedBooter.java:495)
]]>
    </failure>
  </testcase> <!-- verifyRegisteringAccountWithoutTryDifferentPasswordFailCase -->
  <system-out/>
  <testcase classname="qa.testcases.SignupTest" name="verifyRegisteringAccountWithoutTryDifferentPassword" time="54.426"/>
  <system-out/>
</testsuite> <!-- qa.testcases.SignupTest -->
